This file contains any messages produced by compilers while
running configure, to aid debugging if configure makes a mistake.

It was created by Haskell network package configure 3.1.4.0, which was
generated by GNU Autoconf 2.69.  Invocation command line was

  $ /C/Users/alecb/haskellProjects/tic-tac-toe/dist-newstyle/tmp/src-20175/network-3.1.4.0/configure --with-compiler=ghc --prefix=C:\cabal\store\ghc-9.10.1-c219\network-3.1.4.0-f0c31547215e1db6d516f1629c9419131ec688ef --bindir=C:\cabal\store\ghc-9.10.1-c219\network-3.1.4.0-f0c31547215e1db6d516f1629c9419131ec688ef\bin --libdir=C:\cabal\store\ghc-9.10.1-c219\network-3.1.4.0-f0c31547215e1db6d516f1629c9419131ec688ef\lib --libexecdir=C:\cabal\store\ghc-9.10.1-c219\network-3.1.4.0-f0c31547215e1db6d516f1629c9419131ec688ef\libexec --datadir=C:\cabal\store\ghc-9.10.1-c219\network-3.1.4.0-f0c31547215e1db6d516f1629c9419131ec688ef\share --sysconfdir=C:\cabal\store\ghc-9.10.1-c219\network-3.1.4.0-f0c31547215e1db6d516f1629c9419131ec688ef\etc CC=C:\ghcup\ghc\910~1.1\lib/../mingw//bin\clang.exe

## --------- ##
## Platform. ##
## --------- ##

hostname = Starfire
uname -m = x86_64
uname -r = 3.5.4-0bc1222b.x86_64
uname -s = MINGW64_NT-10.0-22631
uname -v = 2024-09-04 18:28 UTC

/usr/bin/uname -p = unknown
/bin/uname -X     = unknown

/bin/arch              = x86_64
/usr/bin/arch -k       = unknown
/usr/convex/getsysinfo = unknown
/usr/bin/hostinfo      = unknown
/bin/machine           = unknown
/usr/bin/oslevel       = unknown
/bin/universe          = unknown

PATH: /c/ghcup/bin
PATH: /c/cabal/bin
PATH: /mingw64/bin
PATH: /usr/bin
PATH: /c/cabal/store/ghc-9.10.1-c219/hsc2hs-0.68.10-0ab4839c04eb589fe3100bd544771af4818b6aa1/bin
PATH: /c/ghcup/bin
PATH: /c/cabal/bin
PATH: /mingw64/bin
PATH: /usr/bin
PATH: /c/Users/alecb/.cabal/bin
PATH: /c/Users/alecb/bin
PATH: /c/Program Files/Git/usr/local/bin
PATH: /c/Program Files/Git/usr/bin
PATH: /c/Program Files/Git/usr/bin
PATH: /c/WINDOWS/system32
PATH: /c/WINDOWS
PATH: /c/WINDOWS/System32/Wbem
PATH: /c/WINDOWS/System32/WindowsPowerShell/v1.0
PATH: /c/WINDOWS/System32/OpenSSH
PATH: /c/Program Files/Git/cmd
PATH: /c/Program Files/nodejs
PATH: /c/Users/alecb/AppData/Local/Programs/Python/Python312/Scripts
PATH: /c/Users/alecb/AppData/Local/Programs/Python/Python312
PATH: /c/Program Files (x86)/Elm/0.19.1/bin
PATH: /c/ghcup/bin
PATH: /c/Users/alecb/Ccompiler/mingw64/bin


## ----------- ##
## Core tests. ##
## ----------- ##

configure:2355: checking build system type
configure:2369: result: x86_64-pc-mingw64
configure:2389: checking host system type
configure:2402: result: x86_64-pc-mingw64
configure:2477: checking for gcc
configure:2504: result: C:\ghcup\ghc\910~1.1\lib/../mingw//bin\clang.exe
configure:2733: checking for C compiler version
configure:2742: C:\ghcup\ghc\910~1.1\lib/../mingw//bin\clang.exe --version >&5
clang version 14.0.6
Target: x86_64-w64-windows-gnu
Thread model: posix
InstalledDir: C:/ghcup/ghc/910~1.1/mingw/bin
configure:2753: $? = 0
configure:2742: C:\ghcup\ghc\910~1.1\lib/../mingw//bin\clang.exe -v >&5
clang version 14.0.6
Target: x86_64-w64-windows-gnu
Thread model: posix
InstalledDir: C:/ghcup/ghc/910~1.1/mingw/bin
configure:2753: $? = 0
configure:2742: C:\ghcup\ghc\910~1.1\lib/../mingw//bin\clang.exe -V >&5
clang: error: argument to '-V' is missing (expected 1 value)
clang: error: no input files
configure:2753: $? = 1
configure:2742: C:\ghcup\ghc\910~1.1\lib/../mingw//bin\clang.exe -qversion >&5
